<?xml version="1.0" encoding="UTF-8"?>
<!-- Generated by org.testng.reporters.JUnitReportReporter -->
<testsuite hostname="DESKTOP-LSPGT29" failures="0" tests="2" name="HomePage" time="23.694" errors="0" timestamp="2024-08-03T16:53:42 IST" skipped="0">
  <testcase classname="HomePage" name="tearDown" time="8.668"/>
  <system-out/>
  <testcase classname="HomePage" name="setup" time="15.026"/>
  <system-out/>
</testsuite> <!-- HomePage -->
